<?xml version="1.0" encoding="UTF-8"?>
<!-- Generated by org.testng.reporters.JUnitReportReporter -->
<testsuite hostname="kairosHW0423" failures="0" tests="1" name="com.PracticeSelenium.Method1" time="0.008" errors="0" timestamp="2024-03-27T14:47:16 IST" skipped="0">
  <testcase classname="com.PracticeSelenium.Method1" name="main1" time="0.008"/>
</testsuite> <!-- com.PracticeSelenium.Method1 -->
