<?xml version="1.0" encoding="UTF-8"?>
<!-- Generated by org.testng.reporters.JUnitReportReporter -->
<testsuite hostname="kairosHW0423" failures="0" tests="1" name="com.PracticeSelenium.UdayTaskFrame" time="18.187" errors="0" timestamp="2024-03-28T12:43:11 IST" skipped="0">
  <testcase classname="com.PracticeSelenium.UdayTaskFrame" name="main2" time="18.187"/>
</testsuite> <!-- com.PracticeSelenium.UdayTaskFrame -->
